<?xml version="1.0" encoding="utf-8"?><testsuites name="pytest tests"><testsuite name="pytest" errors="0" failures="0" skipped="0" tests="8" time="1.209" timestamp="2026-04-28T02:28:24.389539+00:00" hostname="agent-env-50b74cb3-96fc-4e7f-b49d-bfa99b6cde12"><testcase classname="backend.tests.backend_test.TestRoot" name="test_root" time="0.316" /><testcase classname="backend.tests.backend_test.TestStats" name="test_get_stats_default" time="0.053" /><testcase classname="backend.tests.backend_test.TestStats" name="test_put_stats_sites_delivered_and_persists" time="0.237" /><testcase classname="backend.tests.backend_test.TestStats" name="test_put_stats_niches_update" time="0.204" /><testcase classname="backend.tests.backend_test.TestStats" name="test_default_niches_exist_on_fresh_get" time="0.050" /><testcase classname="backend.tests.backend_test.TestLeads" name="test_create_lead_all_optional" time="0.086" /><testcase classname="backend.tests.backend_test.TestLeads" name="test_create_lead_with_fields" time="0.050" /><testcase classname="backend.tests.backend_test.TestLeads" name="test_list_leads_no_id_leak" time="0.051" /></testsuite></testsuites>