<?xml version="1.0" encoding="utf-8"?><testsuites name="pytest tests"><testsuite name="pytest" errors="0" failures="0" skipped="0" tests="14" time="1.850" timestamp="2026-04-28T02:39:30.593544+00:00" hostname="agent-env-50b74cb3-96fc-4e7f-b49d-bfa99b6cde12"><testcase classname="backend.tests.backend_test.TestRoot" name="test_root" time="0.261" /><testcase classname="backend.tests.backend_test.TestPublicStats" name="test_get_stats_default" time="0.068" /><testcase classname="backend.tests.backend_test.TestPublicLeads" name="test_create_lead_all_optional" time="0.048" /><testcase classname="backend.tests.backend_test.TestPublicLeads" name="test_create_lead_with_fields" time="0.049" /><testcase classname="backend.tests.backend_test.TestAdminLogin" name="test_login_correct_password" time="0.149" /><testcase classname="backend.tests.backend_test.TestAdminLogin" name="test_login_wrong_password" time="0.061" /><testcase classname="backend.tests.backend_test.TestAdminVerify" name="test_verify_no_token" time="0.049" /><testcase classname="backend.tests.backend_test.TestAdminVerify" name="test_verify_invalid_token" time="0.048" /><testcase classname="backend.tests.backend_test.TestAdminVerify" name="test_verify_valid_token" time="0.106" /><testcase classname="backend.tests.backend_test.TestProtectedStats" name="test_put_stats_no_token" time="0.055" /><testcase classname="backend.tests.backend_test.TestProtectedStats" name="test_put_stats_with_token_and_persists" time="0.204" /><testcase classname="backend.tests.backend_test.TestProtectedLeads" name="test_list_leads_no_token" time="0.048" /><testcase classname="backend.tests.backend_test.TestProtectedLeads" name="test_list_leads_with_token" time="0.048" /><testcase classname="backend.tests.backend_test.TestBruteForce" name="test_brute_force_lockout_after_5_fails" time="0.552" /></testsuite></testsuites>